-------------------------------------------------------------------------------
Test set: com.example.demo.AdrianPokemonApplicationTests
-------------------------------------------------------------------------------
Tests run: 1, Failures: 0, Errors: 1, Skipped: 0, Time elapsed: 0.23 s <<< FAILURE! - in com.example.demo.AdrianPokemonApplicationTests
com.example.demo.AdrianPokemonApplicationTests  Time elapsed: 0.23 s  <<< ERROR!
java.lang.IllegalStateException: Unable to find a @SpringBootConfiguration, you need to use @ContextConfiguration or @SpringBootTest(classes=...) with your test

